# JRE version: Java(TM) SE Runtime Environment (8.0_151-b12) (build 1.8.0_151-b12)
# Java VM: Java HotSpot(TM) 64-Bit Server VM (25.151-b12 mixed mode windows-amd64 compressed oops)
Heap:
 def new generation   total 19712K, used 16161K [0x00000000c0000000, 0x00000000c1560000, 0x00000000d5550000)
  eden space 17536K,  86% used [0x00000000c0000000, 0x00000000c0ede100, 0x00000000c1120000)
  from space 2176K,  43% used [0x00000000c1120000, 0x00000000c120a4f8, 0x00000000c1340000)
  to   space 2176K,   0% used [0x00000000c1340000, 0x00000000c1340000, 0x00000000c1560000)
 tenured generation   total 43712K, used 20348K [0x00000000d5550000, 0x00000000d8000000, 0x0000000100000000)
   the space 43712K,  46% used [0x00000000d5550000, 0x00000000d692f148, 0x00000000d692f200, 0x00000000d8000000)
 Metaspace       used 28983K, capacity 29410K, committed 29824K, reserved 1075200K
  class space    used 3718K, capacity 3847K, committed 3968K, reserved 1048576K
GC Heap History (10 events):
Event: 3.098 GC heap before
{Heap before GC invocations=11 (full 1):
 def new generation   total 19712K, used 18724K [0x00000000c0000000, 0x00000000c1560000, 0x00000000d5550000)
  eden space 17536K, 100% used [0x00000000c0000000, 0x00000000c1120000, 0x00000000c1120000)
  from space 2176K,  54% used [0x00000000c1340000, 0x00000000c1469068, 0x00000000c1560000)
  to   space 2176K,   0% used [0x00000000c1120000, 0x00000000c1120000, 0x00000000c1340000)
 tenured generation   total 43712K, used 16010K [0x00000000d5550000, 0x00000000d8000000, 0x0000000100000000)
   the space 43712K,  36% used [0x00000000d5550000, 0x00000000d64f2b20, 0x00000000d64f2c00, 0x00000000d8000000)
 Metaspace       used 25008K, capacity 25406K, committed 25728K, reserved 1071104K
  class space    used 3228K, capacity 3354K, committed 3456K, reserved 1048576K
Event: 3.104 GC heap after
Heap after GC invocations=12 (full 1):
 def new generation   total 19712K, used 1734K [0x00000000c0000000, 0x00000000c1560000, 0x00000000d5550000)
  eden space 17536K,   0% used [0x00000000c0000000, 0x00000000c0000000, 0x00000000c1120000)
  from space 2176K,  79% used [0x00000000c1120000, 0x00000000c12d1a20, 0x00000000c1340000)
  to   space 2176K,   0% used [0x00000000c1340000, 0x00000000c1340000, 0x00000000c1560000)
 tenured generation   total 43712K, used 16819K [0x00000000d5550000, 0x00000000d8000000, 0x0000000100000000)
   the space 43712K,  38% used [0x00000000d5550000, 0x00000000d65bcfa8, 0x00000000d65bd000, 0x00000000d8000000)
 Metaspace       used 25008K, capacity 25406K, committed 25728K, reserved 1071104K
  class space    used 3228K, capacity 3354K, committed 3456K, reserved 1048576K
}
Event: 3.249 GC heap before
{Heap before GC invocations=12 (full 1):
 def new generation   total 19712K, used 19270K [0x00000000c0000000, 0x00000000c1560000, 0x00000000d5550000)
  eden space 17536K, 100% used [0x00000000c0000000, 0x00000000c1120000, 0x00000000c1120000)
  from space 2176K,  79% used [0x00000000c1120000, 0x00000000c12d1a20, 0x00000000c1340000)
  to   space 2176K,   0% used [0x00000000c1340000, 0x00000000c1340000, 0x00000000c1560000)
 tenured generation   total 43712K, used 16819K [0x00000000d5550000, 0x00000000d8000000, 0x0000000100000000)
   the space 43712K,  38% used [0x00000000d5550000, 0x00000000d65bcfa8, 0x00000000d65bd000, 0x00000000d8000000)
 Metaspace       used 25361K, capacity 25764K, committed 25984K, reserved 1071104K
  class space    used 3283K, capacity 3387K, committed 3456K, reserved 1048576K
Event: 3.255 GC heap after
Heap after GC invocations=13 (full 1):
 def new generation   total 19712K, used 1064K [0x00000000c0000000, 0x00000000c1560000, 0x00000000d5550000)
  eden space 17536K,   0% used [0x00000000c0000000, 0x00000000c0000000, 0x00000000c1120000)
  from space 2176K,  48% used [0x00000000c1340000, 0x00000000c144a0b8, 0x00000000c1560000)
  to   space 2176K,   0% used [0x00000000c1120000, 0x00000000c1120000, 0x00000000c1340000)
 tenured generation   total 43712K, used 18047K [0x00000000d5550000, 0x00000000d8000000, 0x0000000100000000)
   the space 43712K,  41% used [0x00000000d5550000, 0x00000000d66efda8, 0x00000000d66efe00, 0x00000000d8000000)
 Metaspace       used 25361K, capacity 25764K, committed 25984K, reserved 1071104K
  class space    used 3283K, capacity 3387K, committed 3456K, reserved 1048576K
}
Event: 3.398 GC heap before
{Heap before GC invocations=13 (full 1):
 def new generation   total 19712K, used 18600K [0x00000000c0000000, 0x00000000c1560000, 0x00000000d5550000)
  eden space 17536K, 100% used [0x00000000c0000000, 0x00000000c1120000, 0x00000000c1120000)
  from space 2176K,  48% used [0x00000000c1340000, 0x00000000c144a0b8, 0x00000000c1560000)
  to   space 2176K,   0% used [0x00000000c1120000, 0x00000000c1120000, 0x00000000c1340000)
 tenured generation   total 43712K, used 18047K [0x00000000d5550000, 0x00000000d8000000, 0x0000000100000000)
   the space 43712K,  41% used [0x00000000d5550000, 0x00000000d66efda8, 0x00000000d66efe00, 0x00000000d8000000)
 Metaspace       used 25949K, capacity 26378K, committed 26624K, reserved 1073152K
  class space    used 3360K, capacity 3484K, committed 3584K, reserved 1048576K
Event: 3.402 GC heap after
Heap after GC invocations=14 (full 1):
 def new generation   total 19712K, used 2176K [0x00000000c0000000, 0x00000000c1560000, 0x00000000d5550000)
  eden space 17536K,   0% used [0x00000000c0000000, 0x00000000c0000000, 0x00000000c1120000)
  from space 2176K, 100% used [0x00000000c1120000, 0x00000000c1340000, 0x00000000c1340000)
  to   space 2176K,   0% used [0x00000000c1340000, 0x00000000c1340000, 0x00000000c1560000)
 tenured generation   total 43712K, used 18091K [0x00000000d5550000, 0x00000000d8000000, 0x0000000100000000)
   the space 43712K,  41% used [0x00000000d5550000, 0x00000000d66fad28, 0x00000000d66fae00, 0x00000000d8000000)
 Metaspace       used 25949K, capacity 26378K, committed 26624K, reserved 1073152K
  class space    used 3360K, capacity 3484K, committed 3584K, reserved 1048576K
}
Event: 3.712 GC heap before
{Heap before GC invocations=14 (full 1):
 def new generation   total 19712K, used 19712K [0x00000000c0000000, 0x00000000c1560000, 0x00000000d5550000)
  eden space 17536K, 100% used [0x00000000c0000000, 0x00000000c1120000, 0x00000000c1120000)
  from space 2176K, 100% used [0x00000000c1120000, 0x00000000c1340000, 0x00000000c1340000)
  to   space 2176K,   0% used [0x00000000c1340000, 0x00000000c1340000, 0x00000000c1560000)
 tenured generation   total 43712K, used 18091K [0x00000000d5550000, 0x00000000d8000000, 0x0000000100000000)
   the space 43712K,  41% used [0x00000000d5550000, 0x00000000d66fad28, 0x00000000d66fae00, 0x00000000d8000000)
 Metaspace       used 26221K, capacity 26608K, committed 26880K, reserved 1073152K
  class space    used 3396K, capacity 3517K, committed 3584K, reserved 1048576K
Event: 3.718 GC heap after
Heap after GC invocations=15 (full 1):
 def new generation   total 19712K, used 1109K [0x00000000c0000000, 0x00000000c1560000, 0x00000000d5550000)
  eden space 17536K,   0% used [0x00000000c0000000, 0x00000000c0000000, 0x00000000c1120000)
  from space 2176K,  50% used [0x00000000c1340000, 0x00000000c14556b0, 0x00000000c1560000)
  to   space 2176K,   0% used [0x00000000c1120000, 0x00000000c1120000, 0x00000000c1340000)
 tenured generation   total 43712K, used 19751K [0x00000000d5550000, 0x00000000d8000000, 0x0000000100000000)
   the space 43712K,  45% used [0x00000000d5550000, 0x00000000d6899cc8, 0x00000000d6899e00, 0x00000000d8000000)
 Metaspace       used 26221K, capacity 26608K, committed 26880K, reserved 1073152K
  class space    used 3396K, capacity 3517K, committed 3584K, reserved 1048576K
}
Event: 4.105 GC heap before
{Heap before GC invocations=15 (full 1):
 def new generation   total 19712K, used 18645K [0x00000000c0000000, 0x00000000c1560000, 0x00000000d5550000)
  eden space 17536K, 100% used [0x00000000c0000000, 0x00000000c1120000, 0x00000000c1120000)
  from space 2176K,  50% used [0x00000000c1340000, 0x00000000c14556b0, 0x00000000c1560000)
  to   space 2176K,   0% used [0x00000000c1120000, 0x00000000c1120000, 0x00000000c1340000)
 tenured generation   total 43712K, used 19751K [0x00000000d5550000, 0x00000000d8000000, 0x0000000100000000)
   the space 43712K,  45% used [0x00000000d5550000, 0x00000000d6899cc8, 0x00000000d6899e00, 0x00000000d8000000)
 Metaspace       used 26924K, capacity 27364K, committed 27776K, reserved 1073152K
  class space    used 3498K, capacity 3618K, committed 3712K, reserved 1048576K
Event: 4.110 GC heap after
Heap after GC invocations=16 (full 1):
 def new generation   total 19712K, used 937K [0x00000000c0000000, 0x00000000c1560000, 0x00000000d5550000)
  eden space 17536K,   0% used [0x00000000c0000000, 0x00000000c0000000, 0x00000000c1120000)
  from space 2176K,  43% used [0x00000000c1120000, 0x00000000c120a4f8, 0x00000000c1340000)
  to   space 2176K,   0% used [0x00000000c1340000, 0x00000000c1340000, 0x00000000c1560000)
 tenured generation   total 43712K, used 20348K [0x00000000d5550000, 0x00000000d8000000, 0x0000000100000000)
   the space 43712K,  46% used [0x00000000d5550000, 0x00000000d692f148, 0x00000000d692f200, 0x00000000d8000000)
 Metaspace       used 26924K, capacity 27364K, committed 27776K, reserved 1073152K
  class space    used 3498K, capacity 3618K, committed 3712K, reserved 1048576K
}

