# JRE version: Java(TM) SE Runtime Environment (8.0_151-b12) (build 1.8.0_151-b12)
# Java VM: Java HotSpot(TM) 64-Bit Server VM (25.151-b12 mixed mode windows-amd64 compressed oops)
Heap:
 def new generation   total 19712K, used 16639K [0x00000000c0000000, 0x00000000c1560000, 0x00000000d5550000)
  eden space 17536K,  82% used [0x00000000c0000000, 0x00000000c0e2afc8, 0x00000000c1120000)
  from space 2176K,  97% used [0x00000000c1120000, 0x00000000c1334f70, 0x00000000c1340000)
  to   space 2176K,   0% used [0x00000000c1340000, 0x00000000c1340000, 0x00000000c1560000)
 tenured generation   total 43712K, used 20704K [0x00000000d5550000, 0x00000000d8000000, 0x0000000100000000)
   the space 43712K,  47% used [0x00000000d5550000, 0x00000000d69883d0, 0x00000000d6988400, 0x00000000d8000000)
 Metaspace       used 29408K, capacity 29832K, committed 30080K, reserved 1075200K
  class space    used 3776K, capacity 3880K, committed 3968K, reserved 1048576K
GC Heap History (10 events):
Event: 2.958 GC heap before
{Heap before GC invocations=11 (full 1):
 def new generation   total 19712K, used 18840K [0x00000000c0000000, 0x00000000c1560000, 0x00000000d5550000)
  eden space 17536K, 100% used [0x00000000c0000000, 0x00000000c1120000, 0x00000000c1120000)
  from space 2176K,  59% used [0x00000000c1340000, 0x00000000c1486358, 0x00000000c1560000)
  to   space 2176K,   0% used [0x00000000c1120000, 0x00000000c1120000, 0x00000000c1340000)
 tenured generation   total 43712K, used 16895K [0x00000000d5550000, 0x00000000d8000000, 0x0000000100000000)
   the space 43712K,  38% used [0x00000000d5550000, 0x00000000d65cfdd0, 0x00000000d65cfe00, 0x00000000d8000000)
 Metaspace       used 25045K, capacity 25470K, committed 25728K, reserved 1071104K
  class space    used 3233K, capacity 3354K, committed 3456K, reserved 1048576K
Event: 2.963 GC heap after
Heap after GC invocations=12 (full 1):
 def new generation   total 19712K, used 1450K [0x00000000c0000000, 0x00000000c1560000, 0x00000000d5550000)
  eden space 17536K,   0% used [0x00000000c0000000, 0x00000000c0000000, 0x00000000c1120000)
  from space 2176K,  66% used [0x00000000c1120000, 0x00000000c128a950, 0x00000000c1340000)
  to   space 2176K,   0% used [0x00000000c1340000, 0x00000000c1340000, 0x00000000c1560000)
 tenured generation   total 43712K, used 17902K [0x00000000d5550000, 0x00000000d8000000, 0x0000000100000000)
   the space 43712K,  40% used [0x00000000d5550000, 0x00000000d66cbb40, 0x00000000d66cbc00, 0x00000000d8000000)
 Metaspace       used 25045K, capacity 25470K, committed 25728K, reserved 1071104K
  class space    used 3233K, capacity 3354K, committed 3456K, reserved 1048576K
}
Event: 3.088 GC heap before
{Heap before GC invocations=12 (full 1):
 def new generation   total 19712K, used 18986K [0x00000000c0000000, 0x00000000c1560000, 0x00000000d5550000)
  eden space 17536K, 100% used [0x00000000c0000000, 0x00000000c1120000, 0x00000000c1120000)
  from space 2176K,  66% used [0x00000000c1120000, 0x00000000c128a950, 0x00000000c1340000)
  to   space 2176K,   0% used [0x00000000c1340000, 0x00000000c1340000, 0x00000000c1560000)
 tenured generation   total 43712K, used 17902K [0x00000000d5550000, 0x00000000d8000000, 0x0000000100000000)
   the space 43712K,  40% used [0x00000000d5550000, 0x00000000d66cbb40, 0x00000000d66cbc00, 0x00000000d8000000)
 Metaspace       used 25418K, capacity 25860K, committed 26240K, reserved 1073152K
  class space    used 3290K, capacity 3419K, committed 3456K, reserved 1048576K
Event: 3.094 GC heap after
Heap after GC invocations=13 (full 1):
 def new generation   total 19712K, used 970K [0x00000000c0000000, 0x00000000c1560000, 0x00000000d5550000)
  eden space 17536K,   0% used [0x00000000c0000000, 0x00000000c0000000, 0x00000000c1120000)
  from space 2176K,  44% used [0x00000000c1340000, 0x00000000c1432a70, 0x00000000c1560000)
  to   space 2176K,   0% used [0x00000000c1120000, 0x00000000c1120000, 0x00000000c1340000)
 tenured generation   total 43712K, used 19008K [0x00000000d5550000, 0x00000000d8000000, 0x0000000100000000)
   the space 43712K,  43% used [0x00000000d5550000, 0x00000000d67e0358, 0x00000000d67e0400, 0x00000000d8000000)
 Metaspace       used 25418K, capacity 25860K, committed 26240K, reserved 1073152K
  class space    used 3290K, capacity 3419K, committed 3456K, reserved 1048576K
}
Event: 3.416 GC heap before
{Heap before GC invocations=13 (full 1):
 def new generation   total 19712K, used 18506K [0x00000000c0000000, 0x00000000c1560000, 0x00000000d5550000)
  eden space 17536K, 100% used [0x00000000c0000000, 0x00000000c1120000, 0x00000000c1120000)
  from space 2176K,  44% used [0x00000000c1340000, 0x00000000c1432a70, 0x00000000c1560000)
  to   space 2176K,   0% used [0x00000000c1120000, 0x00000000c1120000, 0x00000000c1340000)
 tenured generation   total 43712K, used 19008K [0x00000000d5550000, 0x00000000d8000000, 0x0000000100000000)
   the space 43712K,  43% used [0x00000000d5550000, 0x00000000d67e0358, 0x00000000d67e0400, 0x00000000d8000000)
 Metaspace       used 26041K, capacity 26448K, committed 26880K, reserved 1073152K
  class space    used 3368K, capacity 3485K, committed 3584K, reserved 1048576K
Event: 3.420 GC heap after
Heap after GC invocations=14 (full 1):
 def new generation   total 19712K, used 2175K [0x00000000c0000000, 0x00000000c1560000, 0x00000000d5550000)
  eden space 17536K,   0% used [0x00000000c0000000, 0x00000000c0000000, 0x00000000c1120000)
  from space 2176K,  99% used [0x00000000c1120000, 0x00000000c133fff0, 0x00000000c1340000)
  to   space 2176K,   0% used [0x00000000c1340000, 0x00000000c1340000, 0x00000000c1560000)
 tenured generation   total 43712K, used 19077K [0x00000000d5550000, 0x00000000d8000000, 0x0000000100000000)
   the space 43712K,  43% used [0x00000000d5550000, 0x00000000d67f1658, 0x00000000d67f1800, 0x00000000d8000000)
 Metaspace       used 26041K, capacity 26448K, committed 26880K, reserved 1073152K
  class space    used 3368K, capacity 3485K, committed 3584K, reserved 1048576K
}
Event: 3.573 GC heap before
{Heap before GC invocations=14 (full 1):
 def new generation   total 19712K, used 19711K [0x00000000c0000000, 0x00000000c1560000, 0x00000000d5550000)
  eden space 17536K, 100% used [0x00000000c0000000, 0x00000000c1120000, 0x00000000c1120000)
  from space 2176K,  99% used [0x00000000c1120000, 0x00000000c133fff0, 0x00000000c1340000)
  to   space 2176K,   0% used [0x00000000c1340000, 0x00000000c1340000, 0x00000000c1560000)
 tenured generation   total 43712K, used 19077K [0x00000000d5550000, 0x00000000d8000000, 0x0000000100000000)
   the space 43712K,  43% used [0x00000000d5550000, 0x00000000d67f1658, 0x00000000d67f1800, 0x00000000d8000000)
 Metaspace       used 26274K, capacity 26672K, committed 26880K, reserved 1073152K
  class space    used 3407K, capacity 3517K, committed 3584K, reserved 1048576K
Event: 3.579 GC heap after
Heap after GC invocations=15 (full 1):
 def new generation   total 19712K, used 1075K [0x00000000c0000000, 0x00000000c1560000, 0x00000000d5550000)
  eden space 17536K,   0% used [0x00000000c0000000, 0x00000000c0000000, 0x00000000c1120000)
  from space 2176K,  49% used [0x00000000c1340000, 0x00000000c144cd40, 0x00000000c1560000)
  to   space 2176K,   0% used [0x00000000c1120000, 0x00000000c1120000, 0x00000000c1340000)
 tenured generation   total 43712K, used 20704K [0x00000000d5550000, 0x00000000d8000000, 0x0000000100000000)
   the space 43712K,  47% used [0x00000000d5550000, 0x00000000d69883d0, 0x00000000d6988400, 0x00000000d8000000)
 Metaspace       used 26274K, capacity 26672K, committed 26880K, reserved 1073152K
  class space    used 3407K, capacity 3517K, committed 3584K, reserved 1048576K
}
Event: 7.526 GC heap before
{Heap before GC invocations=15 (full 1):
 def new generation   total 19712K, used 18611K [0x00000000c0000000, 0x00000000c1560000, 0x00000000d5550000)
  eden space 17536K, 100% used [0x00000000c0000000, 0x00000000c1120000, 0x00000000c1120000)
  from space 2176K,  49% used [0x00000000c1340000, 0x00000000c144cd40, 0x00000000c1560000)
  to   space 2176K,   0% used [0x00000000c1120000, 0x00000000c1120000, 0x00000000c1340000)
 tenured generation   total 43712K, used 20704K [0x00000000d5550000, 0x00000000d8000000, 0x0000000100000000)
   the space 43712K,  47% used [0x00000000d5550000, 0x00000000d69883d0, 0x00000000d6988400, 0x00000000d8000000)
 Metaspace       used 27571K, capacity 28034K, committed 28288K, reserved 1073152K
  class space    used 3572K, capacity 3687K, committed 3712K, reserved 1048576K
Event: 7.531 GC heap after
Heap after GC invocations=16 (full 1):
 def new generation   total 19712K, used 2131K [0x00000000c0000000, 0x00000000c1560000, 0x00000000d5550000)
  eden space 17536K,   0% used [0x00000000c0000000, 0x00000000c0000000, 0x00000000c1120000)
  from space 2176K,  97% used [0x00000000c1120000, 0x00000000c1334f70, 0x00000000c1340000)
  to   space 2176K,   0% used [0x00000000c1340000, 0x00000000c1340000, 0x00000000c1560000)
 tenured generation   total 43712K, used 20704K [0x00000000d5550000, 0x00000000d8000000, 0x0000000100000000)
   the space 43712K,  47% used [0x00000000d5550000, 0x00000000d69883d0, 0x00000000d6988400, 0x00000000d8000000)
 Metaspace       used 27571K, capacity 28034K, committed 28288K, reserved 1073152K
  class space    used 3572K, capacity 3687K, committed 3712K, reserved 1048576K
}

