# JRE version: Java(TM) SE Runtime Environment (8.0_151-b12) (build 1.8.0_151-b12)
# Java VM: Java HotSpot(TM) 64-Bit Server VM (25.151-b12 mixed mode windows-amd64 compressed oops)
Heap:
 def new generation   total 19712K, used 16047K [0x00000000c0000000, 0x00000000c1560000, 0x00000000d5550000)
  eden space 17536K,  83% used [0x00000000c0000000, 0x00000000c0e389a8, 0x00000000c1120000)
  from space 2176K,  68% used [0x00000000c1120000, 0x00000000c1293348, 0x00000000c1340000)
  to   space 2176K,   0% used [0x00000000c1340000, 0x00000000c1340000, 0x00000000c1560000)
 tenured generation   total 43712K, used 19941K [0x00000000d5550000, 0x00000000d8000000, 0x0000000100000000)
   the space 43712K,  45% used [0x00000000d5550000, 0x00000000d68c9730, 0x00000000d68c9800, 0x00000000d8000000)
 Metaspace       used 28959K, capacity 29378K, committed 29696K, reserved 1075200K
  class space    used 3716K, capacity 3815K, committed 3840K, reserved 1048576K
GC Heap History (10 events):
Event: 3.044 GC heap before
{Heap before GC invocations=11 (full 1):
 def new generation   total 19712K, used 18683K [0x00000000c0000000, 0x00000000c1560000, 0x00000000d5550000)
  eden space 17536K, 100% used [0x00000000c0000000, 0x00000000c1120000, 0x00000000c1120000)
  from space 2176K,  52% used [0x00000000c1340000, 0x00000000c145eeb8, 0x00000000c1560000)
  to   space 2176K,   0% used [0x00000000c1120000, 0x00000000c1120000, 0x00000000c1340000)
 tenured generation   total 43712K, used 16270K [0x00000000d5550000, 0x00000000d8000000, 0x0000000100000000)
   the space 43712K,  37% used [0x00000000d5550000, 0x00000000d65339b0, 0x00000000d6533a00, 0x00000000d8000000)
 Metaspace       used 25010K, capacity 25406K, committed 25728K, reserved 1071104K
  class space    used 3230K, capacity 3354K, committed 3456K, reserved 1048576K
Event: 3.055 GC heap after
Heap after GC invocations=12 (full 1):
 def new generation   total 19712K, used 1769K [0x00000000c0000000, 0x00000000c1560000, 0x00000000d5550000)
  eden space 17536K,   0% used [0x00000000c0000000, 0x00000000c0000000, 0x00000000c1120000)
  from space 2176K,  81% used [0x00000000c1120000, 0x00000000c12da558, 0x00000000c1340000)
  to   space 2176K,   0% used [0x00000000c1340000, 0x00000000c1340000, 0x00000000c1560000)
 tenured generation   total 43712K, used 17054K [0x00000000d5550000, 0x00000000d8000000, 0x0000000100000000)
   the space 43712K,  39% used [0x00000000d5550000, 0x00000000d65f7af8, 0x00000000d65f7c00, 0x00000000d8000000)
 Metaspace       used 25010K, capacity 25406K, committed 25728K, reserved 1071104K
  class space    used 3230K, capacity 3354K, committed 3456K, reserved 1048576K
}
Event: 3.162 GC heap before
{Heap before GC invocations=12 (full 1):
 def new generation   total 19712K, used 19305K [0x00000000c0000000, 0x00000000c1560000, 0x00000000d5550000)
  eden space 17536K, 100% used [0x00000000c0000000, 0x00000000c1120000, 0x00000000c1120000)
  from space 2176K,  81% used [0x00000000c1120000, 0x00000000c12da558, 0x00000000c1340000)
  to   space 2176K,   0% used [0x00000000c1340000, 0x00000000c1340000, 0x00000000c1560000)
 tenured generation   total 43712K, used 17054K [0x00000000d5550000, 0x00000000d8000000, 0x0000000100000000)
   the space 43712K,  39% used [0x00000000d5550000, 0x00000000d65f7af8, 0x00000000d65f7c00, 0x00000000d8000000)
 Metaspace       used 25355K, capacity 25764K, committed 25984K, reserved 1071104K
  class space    used 3284K, capacity 3387K, committed 3456K, reserved 1048576K
Event: 3.168 GC heap after
Heap after GC invocations=13 (full 1):
 def new generation   total 19712K, used 1104K [0x00000000c0000000, 0x00000000c1560000, 0x00000000d5550000)
  eden space 17536K,   0% used [0x00000000c0000000, 0x00000000c0000000, 0x00000000c1120000)
  from space 2176K,  50% used [0x00000000c1340000, 0x00000000c1454168, 0x00000000c1560000)
  to   space 2176K,   0% used [0x00000000c1120000, 0x00000000c1120000, 0x00000000c1340000)
 tenured generation   total 43712K, used 18300K [0x00000000d5550000, 0x00000000d8000000, 0x0000000100000000)
   the space 43712K,  41% used [0x00000000d5550000, 0x00000000d672f0f0, 0x00000000d672f200, 0x00000000d8000000)
 Metaspace       used 25355K, capacity 25764K, committed 25984K, reserved 1071104K
  class space    used 3284K, capacity 3387K, committed 3456K, reserved 1048576K
}
Event: 3.363 GC heap before
{Heap before GC invocations=13 (full 1):
 def new generation   total 19712K, used 18640K [0x00000000c0000000, 0x00000000c1560000, 0x00000000d5550000)
  eden space 17536K, 100% used [0x00000000c0000000, 0x00000000c1120000, 0x00000000c1120000)
  from space 2176K,  50% used [0x00000000c1340000, 0x00000000c1454168, 0x00000000c1560000)
  to   space 2176K,   0% used [0x00000000c1120000, 0x00000000c1120000, 0x00000000c1340000)
 tenured generation   total 43712K, used 18300K [0x00000000d5550000, 0x00000000d8000000, 0x0000000100000000)
   the space 43712K,  41% used [0x00000000d5550000, 0x00000000d672f0f0, 0x00000000d672f200, 0x00000000d8000000)
 Metaspace       used 25951K, capacity 26378K, committed 26624K, reserved 1073152K
  class space    used 3361K, capacity 3484K, committed 3584K, reserved 1048576K
Event: 3.367 GC heap after
Heap after GC invocations=14 (full 1):
 def new generation   total 19712K, used 1420K [0x00000000c0000000, 0x00000000c1560000, 0x00000000d5550000)
  eden space 17536K,   0% used [0x00000000c0000000, 0x00000000c0000000, 0x00000000c1120000)
  from space 2176K,  65% used [0x00000000c1120000, 0x00000000c1283110, 0x00000000c1340000)
  to   space 2176K,   0% used [0x00000000c1340000, 0x00000000c1340000, 0x00000000c1560000)
 tenured generation   total 43712K, used 19080K [0x00000000d5550000, 0x00000000d8000000, 0x0000000100000000)
   the space 43712K,  43% used [0x00000000d5550000, 0x00000000d67f2178, 0x00000000d67f2200, 0x00000000d8000000)
 Metaspace       used 25951K, capacity 26378K, committed 26624K, reserved 1073152K
  class space    used 3361K, capacity 3484K, committed 3584K, reserved 1048576K
}
Event: 3.621 GC heap before
{Heap before GC invocations=14 (full 1):
 def new generation   total 19712K, used 18956K [0x00000000c0000000, 0x00000000c1560000, 0x00000000d5550000)
  eden space 17536K, 100% used [0x00000000c0000000, 0x00000000c1120000, 0x00000000c1120000)
  from space 2176K,  65% used [0x00000000c1120000, 0x00000000c1283110, 0x00000000c1340000)
  to   space 2176K,   0% used [0x00000000c1340000, 0x00000000c1340000, 0x00000000c1560000)
 tenured generation   total 43712K, used 19080K [0x00000000d5550000, 0x00000000d8000000, 0x0000000100000000)
   the space 43712K,  43% used [0x00000000d5550000, 0x00000000d67f2178, 0x00000000d67f2200, 0x00000000d8000000)
 Metaspace       used 26219K, capacity 26608K, committed 26880K, reserved 1073152K
  class space    used 3396K, capacity 3517K, committed 3584K, reserved 1048576K
Event: 3.626 GC heap after
Heap after GC invocations=15 (full 1):
 def new generation   total 19712K, used 1087K [0x00000000c0000000, 0x00000000c1560000, 0x00000000d5550000)
  eden space 17536K,   0% used [0x00000000c0000000, 0x00000000c0000000, 0x00000000c1120000)
  from space 2176K,  49% used [0x00000000c1340000, 0x00000000c144fc08, 0x00000000c1560000)
  to   space 2176K,   0% used [0x00000000c1120000, 0x00000000c1120000, 0x00000000c1340000)
 tenured generation   total 43712K, used 19941K [0x00000000d5550000, 0x00000000d8000000, 0x0000000100000000)
   the space 43712K,  45% used [0x00000000d5550000, 0x00000000d68c9730, 0x00000000d68c9800, 0x00000000d8000000)
 Metaspace       used 26219K, capacity 26608K, committed 26880K, reserved 1073152K
  class space    used 3396K, capacity 3517K, committed 3584K, reserved 1048576K
}
Event: 3.953 GC heap before
{Heap before GC invocations=15 (full 1):
 def new generation   total 19712K, used 18623K [0x00000000c0000000, 0x00000000c1560000, 0x00000000d5550000)
  eden space 17536K, 100% used [0x00000000c0000000, 0x00000000c1120000, 0x00000000c1120000)
  from space 2176K,  49% used [0x00000000c1340000, 0x00000000c144fc08, 0x00000000c1560000)
  to   space 2176K,   0% used [0x00000000c1120000, 0x00000000c1120000, 0x00000000c1340000)
 tenured generation   total 43712K, used 19941K [0x00000000d5550000, 0x00000000d8000000, 0x0000000100000000)
   the space 43712K,  45% used [0x00000000d5550000, 0x00000000d68c9730, 0x00000000d68c9800, 0x00000000d8000000)
 Metaspace       used 26910K, capacity 27326K, committed 27776K, reserved 1073152K
  class space    used 3495K, capacity 3585K, committed 3712K, reserved 1048576K
Event: 3.959 GC heap after
Heap after GC invocations=16 (full 1):
 def new generation   total 19712K, used 1484K [0x00000000c0000000, 0x00000000c1560000, 0x00000000d5550000)
  eden space 17536K,   0% used [0x00000000c0000000, 0x00000000c0000000, 0x00000000c1120000)
  from space 2176K,  68% used [0x00000000c1120000, 0x00000000c1293348, 0x00000000c1340000)
  to   space 2176K,   0% used [0x00000000c1340000, 0x00000000c1340000, 0x00000000c1560000)
 tenured generation   total 43712K, used 19941K [0x00000000d5550000, 0x00000000d8000000, 0x0000000100000000)
   the space 43712K,  45% used [0x00000000d5550000, 0x00000000d68c9730, 0x00000000d68c9800, 0x00000000d8000000)
 Metaspace       used 26910K, capacity 27326K, committed 27776K, reserved 1073152K
  class space    used 3495K, capacity 3585K, committed 3712K, reserved 1048576K
}

